PROFILE: oh-my-zsh: 0.030279159545898438ms
PROFILE: plugin:git: 6.4857006072998047ms
PROFILE: plugin:zsh-autosuggestions: 0.06580352783203125ms
PROFILE: plugin:zsh-syntax-highlighting: 0.026941299438476562ms
PROFILE: plugin:fast-syntax-highlighting: 0.026464462280273438ms
PROFILE: plugin:zsh-autocomplete: 0.02384185791015625ms
PROFILE: oh-my-zsh-main: 166.96667671203613ms
PROFILE: nvm: 189.56327438354492ms
PROFILE: nvm-auto-switch: 19.845485687255859ms
PROFILE: p10k: 0.60677528381347656ms
PROFILE: zoxide: 1.1816024780273438ms
=== ZPROF RESULTS ===
num  calls                time                       self            name
-----------------------------------------------------------------------------------
 1)    2         135.46    67.73   40.86%     79.94    39.97   24.12%  nvm
 2)  683          50.48     0.07   15.23%     50.48     0.07   15.23%  compdef
 3)    1          47.98    47.98   14.47%     47.98    47.98   14.47%  compdump
 4)    1          49.47    49.47   14.92%     42.07    42.07   12.69%  nvm_ensure_version_installed
 5)    1         137.23   137.23   41.40%     33.33    33.33   10.05%  compinit
 6)    1          19.73    19.73    5.95%     19.73    19.73    5.95%  load-nvmrc
 7)    1         153.38   153.38   46.27%     17.93    17.93    5.41%  nvm_auto
 8)    1           9.72     9.72    2.93%      9.72     9.72    2.93%  zrecompile
 9)    1           7.39     7.39    2.23%      7.39     7.39    2.23%  nvm_is_version_installed
10)   21           8.10     0.39    2.44%      6.23     0.30    1.88%  _omz_source
11)    1           6.02     6.02    1.81%      5.95     5.95    1.79%  nvm_die_on_prefix
12)    2           5.52     2.76    1.66%      5.52     2.76    1.66%  compaudit
13)    1           2.37     2.37    0.71%      1.09     1.09    0.33%  (anon) [/home/max/.oh-my-zsh/custom/themes/powerlevel10k/powerlevel10k.zsh-theme:50]
14)    1           0.97     0.97    0.29%      0.97     0.97    0.29%  _p9k_init_ssh
15)    1           0.79     0.79    0.24%      0.79     0.79    0.24%  test-ls-args
16)    6           0.45     0.08    0.14%      0.45     0.08    0.14%  is-at-least
17)    1           0.44     0.44    0.13%      0.44     0.44    0.13%  colors
18)    7           0.35     0.05    0.11%      0.35     0.05    0.11%  add-zsh-hook
19)    1           0.25     0.25    0.07%      0.25     0.25    0.07%  regexp-replace
20)   11           0.22     0.02    0.06%      0.22     0.02    0.06%  profile_end
21)    1           0.24     0.24    0.07%      0.18     0.18    0.05%  (anon) [/home/max/.p10k.zsh:31]
22)    1           0.19     0.19    0.06%      0.09     0.09    0.03%  prompt_powerlevel9k_teardown
23)    4           0.07     0.02    0.02%      0.07     0.02    0.02%  nvm_npmrc_bad_news_bears
24)    1           0.28     0.28    0.08%      0.07     0.07    0.02%  prompt_powerlevel9k_setup
25)    1           0.06     0.06    0.02%      0.06     0.06    0.02%  p10k
26)   11           0.05     0.00    0.01%      0.05     0.00    0.01%  profile_start
27)    1           0.03     0.03    0.01%      0.03     0.03    0.01%  nvm_has
28)    1           0.02     0.02    0.01%      0.02     0.02    0.01%  _p9k_preinit
29)    1           0.21     0.21    0.06%      0.02     0.02    0.01%  _p9k_setup
30)    1         153.40   153.40   46.28%      0.02     0.02    0.00%  nvm_process_parameters
31)    2           0.01     0.01    0.00%      0.01     0.01    0.00%  is_theme
32)    2           0.01     0.01    0.00%      0.01     0.01    0.00%  _p9k_restore_special_params
33)    1           0.01     0.01    0.00%      0.01     0.01    0.00%  _p9k_init_toolbox
34)    2           0.01     0.00    0.00%      0.01     0.00    0.00%  env_default
35)    1           0.01     0.01    0.00%      0.01     0.01    0.00%  bashcompinit
36)    1           0.00     0.00    0.00%      0.00     0.00    0.00%  nvm_is_zsh

-----------------------------------------------------------------------------------

30)    1         153.40   153.40   46.28%      0.02     0.02    0.00%  nvm_process_parameters
       1/1       153.38   153.38   46.27%     17.93    17.93             nvm_auto [7]

-----------------------------------------------------------------------------------

       1/1       153.38   153.38   46.27%     17.93    17.93             nvm_process_parameters [30]
 7)    1         153.38   153.38   46.27%     17.93    17.93    5.41%  nvm_auto
       1/2       135.46   135.46   40.86%      1.98     1.98             nvm [1]

-----------------------------------------------------------------------------------

 5)    1         137.23   137.23   41.40%     33.33    33.33   10.05%  compinit
       1/2         5.52     5.52    1.66%      0.17     0.17             compaudit [12]
       1/1        47.98    47.98   14.47%     47.98    47.98             compdump [3]
     681/683      50.41     0.07   15.21%     50.41     0.07             compdef [2]

-----------------------------------------------------------------------------------

       1/2       135.46   135.46   40.86%      1.98     1.98             nvm_auto [7]
       1/2       133.48   133.48   40.27%     77.96    77.96             nvm [1]
 1)    2         135.46    67.73   40.86%     79.94    39.97   24.12%  nvm
       1/1         0.03     0.03    0.01%      0.03     0.03             nvm_has [27]
       1/1         6.02     6.02    1.81%      5.95     5.95             nvm_die_on_prefix [11]
       1/1        49.47    49.47   14.92%     42.07    42.07             nvm_ensure_version_installed [4]
       1/2       133.48   133.48   40.27%     77.96    77.96             nvm [1]

-----------------------------------------------------------------------------------

     681/683      50.41     0.07   15.21%     50.41     0.07             compinit [5]
       2/683       0.07     0.03    0.02%      0.07     0.03             _omz_source [10]
 2)  683          50.48     0.07   15.23%     50.48     0.07   15.23%  compdef

-----------------------------------------------------------------------------------

       1/1        49.47    49.47   14.92%     42.07    42.07             nvm [1]
 4)    1          49.47    49.47   14.92%     42.07    42.07   12.69%  nvm_ensure_version_installed
       1/1         7.39     7.39    2.23%      7.39     7.39             nvm_is_version_installed [9]

-----------------------------------------------------------------------------------

       1/1        47.98    47.98   14.47%     47.98    47.98             compinit [5]
 3)    1          47.98    47.98   14.47%     47.98    47.98   14.47%  compdump

-----------------------------------------------------------------------------------

 6)    1          19.73    19.73    5.95%     19.73    19.73    5.95%  load-nvmrc

-----------------------------------------------------------------------------------

 8)    1           9.72     9.72    2.93%      9.72     9.72    2.93%  zrecompile

-----------------------------------------------------------------------------------

10)   21           8.10     0.39    2.44%      6.23     0.30    1.88%  _omz_source
       1/1         0.01     0.01    0.00%      0.01     0.01             bashcompinit [35]
       2/2         0.01     0.00    0.00%      0.01     0.00             env_default [34]
       2/683       0.07     0.03    0.02%      0.07     0.03             compdef [2]
       2/6         0.08     0.04    0.03%      0.08     0.04             is-at-least [16]
       4/7         0.22     0.05    0.07%      0.22     0.05             add-zsh-hook [18]
       1/1         0.25     0.25    0.07%      0.25     0.25             regexp-replace [19]
       1/1         0.44     0.44    0.13%      0.44     0.44             colors [17]
       1/1         0.79     0.79    0.24%      0.79     0.79             test-ls-args [15]

-----------------------------------------------------------------------------------

       1/1         7.39     7.39    2.23%      7.39     7.39             nvm_ensure_version_installed [4]
 9)    1           7.39     7.39    2.23%      7.39     7.39    2.23%  nvm_is_version_installed

-----------------------------------------------------------------------------------

       1/1         6.02     6.02    1.81%      5.95     5.95             nvm [1]
11)    1           6.02     6.02    1.81%      5.95     5.95    1.79%  nvm_die_on_prefix
       4/4         0.07     0.02    0.02%      0.07     0.02             nvm_npmrc_bad_news_bears [23]

-----------------------------------------------------------------------------------

       1/2         5.52     5.52    1.66%      0.17     0.17             compinit [5]
       1/2         5.35     5.35    1.61%      5.35     5.35             compaudit [12]
12)    2           5.52     2.76    1.66%      5.52     2.76    1.66%  compaudit
       1/2         5.35     5.35    1.61%      5.35     5.35             compaudit [12]

-----------------------------------------------------------------------------------

13)    1           2.37     2.37    0.71%      1.09     1.09    0.33%  (anon) [/home/max/.oh-my-zsh/custom/themes/powerlevel10k/powerlevel10k.zsh-theme:50]
       1/1         0.01     0.01    0.00%      0.01     0.01             _p9k_init_toolbox [33]
       1/1         0.02     0.02    0.01%      0.02     0.02             _p9k_preinit [28]
       1/1         0.28     0.28    0.08%      0.07     0.07             prompt_powerlevel9k_setup [24]
       1/1         0.97     0.97    0.29%      0.97     0.97             _p9k_init_ssh [14]

-----------------------------------------------------------------------------------

       1/1         0.97     0.97    0.29%      0.97     0.97             (anon) [/home/max/.oh-my-zsh/custom/themes/powerlevel10k/powerlevel10k.zsh-theme:50] [13]
14)    1           0.97     0.97    0.29%      0.97     0.97    0.29%  _p9k_init_ssh

-----------------------------------------------------------------------------------

       1/1         0.79     0.79    0.24%      0.79     0.79             _omz_source [10]
15)    1           0.79     0.79    0.24%      0.79     0.79    0.24%  test-ls-args

-----------------------------------------------------------------------------------

       2/6         0.08     0.04    0.03%      0.08     0.04             _omz_source [10]
16)    6           0.45     0.08    0.14%      0.45     0.08    0.14%  is-at-least

-----------------------------------------------------------------------------------

       1/1         0.44     0.44    0.13%      0.44     0.44             _omz_source [10]
17)    1           0.44     0.44    0.13%      0.44     0.44    0.13%  colors

-----------------------------------------------------------------------------------

       4/7         0.22     0.05    0.07%      0.22     0.05             _omz_source [10]
       2/7         0.10     0.05    0.03%      0.10     0.05             prompt_powerlevel9k_teardown [22]
18)    7           0.35     0.05    0.11%      0.35     0.05    0.11%  add-zsh-hook

-----------------------------------------------------------------------------------

       1/1         0.28     0.28    0.08%      0.07     0.07             (anon) [/home/max/.oh-my-zsh/custom/themes/powerlevel10k/powerlevel10k.zsh-theme:50] [13]
24)    1           0.28     0.28    0.08%      0.07     0.07    0.02%  prompt_powerlevel9k_setup
       1/2         0.01     0.01    0.00%      0.01     0.01             _p9k_restore_special_params [32]
       1/1         0.21     0.21    0.06%      0.02     0.02             _p9k_setup [29]

-----------------------------------------------------------------------------------

       1/1         0.25     0.25    0.07%      0.25     0.25             _omz_source [10]
19)    1           0.25     0.25    0.07%      0.25     0.25    0.07%  regexp-replace

-----------------------------------------------------------------------------------

21)    1           0.24     0.24    0.07%      0.18     0.18    0.05%  (anon) [/home/max/.p10k.zsh:31]
       1/1         0.06     0.06    0.02%      0.06     0.06             p10k [25]

-----------------------------------------------------------------------------------

20)   11           0.22     0.02    0.06%      0.22     0.02    0.06%  profile_end

-----------------------------------------------------------------------------------

       1/1         0.21     0.21    0.06%      0.02     0.02             prompt_powerlevel9k_setup [24]
29)    1           0.21     0.21    0.06%      0.02     0.02    0.01%  _p9k_setup
       1/1         0.19     0.19    0.06%      0.09     0.09             prompt_powerlevel9k_teardown [22]

-----------------------------------------------------------------------------------

       1/1         0.19     0.19    0.06%      0.09     0.09             _p9k_setup [29]
22)    1           0.19     0.19    0.06%      0.09     0.09    0.03%  prompt_powerlevel9k_teardown
       1/2         0.01     0.01    0.00%      0.01     0.01             _p9k_restore_special_params [32]
       2/7         0.10     0.05    0.03%      0.10     0.05             add-zsh-hook [18]

-----------------------------------------------------------------------------------

       4/4         0.07     0.02    0.02%      0.07     0.02             nvm_die_on_prefix [11]
23)    4           0.07     0.02    0.02%      0.07     0.02    0.02%  nvm_npmrc_bad_news_bears

-----------------------------------------------------------------------------------

       1/1         0.06     0.06    0.02%      0.06     0.06             (anon) [/home/max/.p10k.zsh:31] [21]
25)    1           0.06     0.06    0.02%      0.06     0.06    0.02%  p10k

-----------------------------------------------------------------------------------

26)   11           0.05     0.00    0.01%      0.05     0.00    0.01%  profile_start

-----------------------------------------------------------------------------------

       1/1         0.03     0.03    0.01%      0.03     0.03             nvm [1]
27)    1           0.03     0.03    0.01%      0.03     0.03    0.01%  nvm_has

-----------------------------------------------------------------------------------

       1/1         0.02     0.02    0.01%      0.02     0.02             (anon) [/home/max/.oh-my-zsh/custom/themes/powerlevel10k/powerlevel10k.zsh-theme:50] [13]
28)    1           0.02     0.02    0.01%      0.02     0.02    0.01%  _p9k_preinit

-----------------------------------------------------------------------------------

31)    2           0.01     0.01    0.00%      0.01     0.01    0.00%  is_theme

-----------------------------------------------------------------------------------

       1/2         0.01     0.01    0.00%      0.01     0.01             prompt_powerlevel9k_teardown [22]
       1/2         0.01     0.01    0.00%      0.01     0.01             prompt_powerlevel9k_setup [24]
32)    2           0.01     0.01    0.00%      0.01     0.01    0.00%  _p9k_restore_special_params

-----------------------------------------------------------------------------------

       1/1         0.01     0.01    0.00%      0.01     0.01             (anon) [/home/max/.oh-my-zsh/custom/themes/powerlevel10k/powerlevel10k.zsh-theme:50] [13]
33)    1           0.01     0.01    0.00%      0.01     0.01    0.00%  _p9k_init_toolbox

-----------------------------------------------------------------------------------

       2/2         0.01     0.00    0.00%      0.01     0.00             _omz_source [10]
34)    2           0.01     0.00    0.00%      0.01     0.00    0.00%  env_default

-----------------------------------------------------------------------------------

       1/1         0.01     0.01    0.00%      0.01     0.01             _omz_source [10]
35)    1           0.01     0.01    0.00%      0.01     0.01    0.00%  bashcompinit

-----------------------------------------------------------------------------------

36)    1           0.00     0.00    0.00%      0.00     0.00    0.00%  nvm_is_zsh
